tol=1.0e-04, sigma=2.0, host=unkno, nav=4, nbrs=2, l_repulse=5.000, l_tspring=1.000, l_nspring=0.500, l_intensity=0.200, l_curv=1.000
mom=0.00, dt=0.50
complete_dist_mat 0
rms 0
smooth_averages 0
remove_neg 0
ico_order 0
which_surface 0
target_radius 0.000000
nfields 0
scale 0.000000
desired_rms_height 0.000000
momentum 0.000000
nbhd_size 0
max_nbrs 0
niterations 25
nsurfaces 0
SURFACES 3
flags 0 (0)
use curv 0
no sulc 0
no rigid align 0
mris->nsize 2
mris->hemisphere 1
randomSeed 0

000: dt: 0.0000, sse=4237852.5, rms=7.85
001: dt: 0.5000, sse=4355234.5, rms=4.743 (0.000%)
002: dt: 0.5000, sse=4741727.0, rms=3.235 (0.000%)
003: dt: 0.5000, sse=5005036.5, rms=2.781 (0.000%)
004: dt: 0.5000, sse=5146115.5, rms=2.713 (0.000%)
005: dt: 0.5000, sse=5214579.0, rms=2.688 (0.000%)
006: dt: 0.2500, sse=3434180.8, rms=1.783 (0.000%)
007: dt: 0.2500, sse=3229312.2, rms=1.573 (0.000%)
008: dt: 0.2500, sse=3108977.2, rms=1.546 (0.000%)
009: dt: 0.1250, sse=3057697.5, rms=1.508 (0.000%)
tol=1.0e-04, sigma=1.0, host=unkno, nav=2, nbrs=2, l_repulse=5.000, l_tspring=1.000, l_nspring=0.500, l_intensity=0.200, l_curv=1.000
mom=0.00, dt=0.50
000: dt: 0.0000, sse=3423614.5, rms=4.11
010: dt: 0.5000, sse=3832170.2, rms=2.858 (0.000%)
011: dt: 0.5000, sse=4349865.0, rms=2.628 (0.000%)
012: dt: 0.2500, sse=3608149.5, rms=1.890 (0.000%)
013: dt: 0.2500, sse=3377126.8, rms=1.497 (0.000%)
014: dt: 0.2500, sse=3269776.5, rms=1.410 (0.000%)
015: dt: 0.2500, sse=3222379.2, rms=1.386 (0.000%)
016: dt: 0.1250, sse=3186250.0, rms=1.354 (0.000%)
tol=1.0e-04, sigma=0.5, host=unkno, nav=1, nbrs=2, l_repulse=5.000, l_tspring=1.000, l_nspring=0.500, l_intensity=0.200, l_curv=1.000
mom=0.00, dt=0.50
000: dt: 0.0000, sse=3272487.2, rms=2.52
017: dt: 0.5000, sse=3575977.5, rms=2.132 (0.000%)
018: dt: 0.2500, sse=3400863.5, rms=1.586 (0.000%)
019: dt: 0.2500, sse=3395904.8, rms=1.351 (0.000%)
020: dt: 0.2500, sse=3353050.0, rms=1.322 (0.000%)
021: dt: 0.1250, sse=3312445.5, rms=1.285 (0.000%)
tol=1.0e-04, sigma=0.2, host=unkno, nav=0, nbrs=2, l_repulse=5.000, l_tspring=1.000, l_nspring=0.500, l_intensity=0.200, l_curv=1.000
mom=0.00, dt=0.50
000: dt: 0.0000, sse=3340237.8, rms=1.74
022: dt: 0.5000, sse=4475072.5, rms=1.571 (0.000%)
023: dt: 0.2500, sse=4024437.0, rms=1.145 (0.000%)
024: dt: 0.2500, sse=3841638.5, rms=1.081 (0.000%)
025: dt: 0.2500, sse=3918737.8, rms=1.044 (0.000%)
026: dt: 0.1250, sse=3907133.8, rms=1.037 (0.000%)
